<?xml version="1.0" encoding="UTF-8"?>
<!-- Generated by org.testng.reporters.JUnitReportReporter -->
<testsuite hostname="VDI-HDQ-0027" name="executableClass.Shopping_List" tests="1" failures="0" timestamp="23 Jan 2019 07:33:37 GMT" time="109.014" errors="0">
  <testcase name="TC_21_RemoveMultipleItems_CircularItems" time="109.014" classname="executableClass.Shopping_List"/>
</testsuite> <!-- executableClass.Shopping_List -->
