<?xml version="1.0" encoding="UTF-8"?>
<!-- Generated by org.testng.reporters.JUnitReportReporter -->
<testsuite hostname="VDI-HDQ-0027" name="executableClass.Pre_Enrolled_Customers_Flow" tests="1" failures="0" timestamp="10 Dec 2018 14:33:26 GMT" time="61.643" errors="0">
  <testcase name="TC003_EnrollinNewProgram_PlentiCardNumber" time="61.643" classname="executableClass.Pre_Enrolled_Customers_Flow"/>
</testsuite> <!-- executableClass.Pre_Enrolled_Customers_Flow -->
