<?xml version="1.0" encoding="UTF-8"?>
<!-- Generated by org.testng.reporters.JUnitReportReporter -->
<testsuite hostname="VDI-HDQ-0027" name="executableClass.Digital_Coupons" tests="1" failures="0" timestamp="24 Dec 2018 06:42:34 GMT" time="109.101" errors="0">
  <testcase name="TC_01_Shopping_List_Add_Coupons" time="109.101" classname="executableClass.Digital_Coupons"/>
</testsuite> <!-- executableClass.Digital_Coupons -->
