<?xml version="1.0" encoding="UTF-8"?>
<!-- Generated by org.testng.reporters.JUnitReportReporter -->
<testsuite hostname="VDI-HDQ-0027" name="executableClass.Pre_Enrolled_Customers_Flow" tests="1" failures="0" timestamp="20 Dec 2018 09:04:55 GMT" time="145.390" errors="0">
  <testcase name="TC004_EnrollinNewProgram_G_AND_G_card_number" time="145.390" classname="executableClass.Pre_Enrolled_Customers_Flow"/>
</testsuite> <!-- executableClass.Pre_Enrolled_Customers_Flow -->
