<?xml version="1.0" encoding="UTF-8"?>
<!-- Generated by org.testng.reporters.JUnitReportReporter -->
<testsuite hostname="VDI-HDQ-0027" name="executableClass.Pre_Enrolled_Customers_Flow" tests="1" failures="0" timestamp="6 Dec 2018 10:56:21 GMT" time="61.271" errors="0">
  <testcase name="TC001_EnrollNewProgram_Phonenumber" time="61.271" classname="executableClass.Pre_Enrolled_Customers_Flow"/>
</testsuite> <!-- executableClass.Pre_Enrolled_Customers_Flow -->
