<?xml version="1.0" encoding="UTF-8"?>
<!-- Generated by org.testng.reporters.JUnitReportReporter -->
<testsuite hostname="VDI-HDQ-0027" name="executableClass.User_Status_After_SoftLogin" tests="2" failures="0" timestamp="7 Dec 2018 06:56:30 GMT" time="96.370" errors="0">
  <testcase name="TC002_Soft_login_Pre_enrolled_user" time="41.853" classname="executableClass.User_Status_After_SoftLogin"/>
  <testcase name="TC001_Soft_login_fully_enrolled_user" time="54.517" classname="executableClass.User_Status_After_SoftLogin"/>
</testsuite> <!-- executableClass.User_Status_After_SoftLogin -->
