<?xml version="1.0" encoding="UTF-8"?>
<!-- Generated by org.testng.reporters.JUnitReportReporter -->
<testsuite hostname="VDI-HDQ-0027" name="executableClass.SoftLogin" tests="1" failures="0" timestamp="20 Dec 2018 10:48:08 GMT" time="113.350" errors="0">
  <testcase name="TC003_SoftLogin_loggedout_user" time="113.350" classname="executableClass.SoftLogin"/>
</testsuite> <!-- executableClass.SoftLogin -->
