<?xml version="1.0" encoding="UTF-8"?>
<!-- Generated by org.testng.reporters.JUnitReportReporter -->
<testsuite hostname="VDI-HDQ-0027" name="executableClass.Weekly_Ad" tests="1" failures="0" timestamp="28 Dec 2018 09:45:59 GMT" time="97.775" errors="0">
  <testcase name="TC03_Add_items_to_list_VIEW_DETAILS_button_add_item_again" time="97.775" classname="executableClass.Weekly_Ad"/>
</testsuite> <!-- executableClass.Weekly_Ad -->
